Determining if the pthread_create exist failed with the following output:
Change Dir: /home/yoon/catkin_ws2/build/CMakeFiles/CMakeTmp

Run Build Command:"/usr/bin/make" "cmTC_fa365/fast"
/usr/bin/make -f CMakeFiles/cmTC_fa365.dir/build.make CMakeFiles/cmTC_fa365.dir/build
make[1]: 디렉터리 '/home/yoon/catkin_ws2/build/CMakeFiles/CMakeTmp' 들어감
Building C object CMakeFiles/cmTC_fa365.dir/CheckSymbolExists.c.o
/usr/bin/cc    -o CMakeFiles/cmTC_fa365.dir/CheckSymbolExists.c.o   -c /home/yoon/catkin_ws2/build/CMakeFiles/CMakeTmp/CheckSymbolExists.c
Linking C executable cmTC_fa365
/usr/bin/cmake -E cmake_link_script CMakeFiles/cmTC_fa365.dir/link.txt --verbose=1
/usr/bin/cc      -rdynamic CMakeFiles/cmTC_fa365.dir/CheckSymbolExists.c.o  -o cmTC_fa365 
CMakeFiles/cmTC_fa365.dir/CheckSymbolExists.c.o: In function `main':
CheckSymbolExists.c:(.text+0x1b): undefined reference to `pthread_create'
collect2: error: ld returned 1 exit status
CMakeFiles/cmTC_fa365.dir/build.make:97: recipe for target 'cmTC_fa365' failed
make[1]: *** [cmTC_fa365] Error 1
make[1]: 디렉터리 '/home/yoon/catkin_ws2/build/CMakeFiles/CMakeTmp' 나감
Makefile:126: recipe for target 'cmTC_fa365/fast' failed
make: *** [cmTC_fa365/fast] Error 2

File /home/yoon/catkin_ws2/build/CMakeFiles/CMakeTmp/CheckSymbolExists.c:
/* */
#include <pthread.h>

int main(int argc, char** argv)
{
  (void)argv;
#ifndef pthread_create
  return ((int*)(&pthread_create))[argc];
#else
  (void)argc;
  return 0;
#endif
}

Determining if the function pthread_create exists in the pthreads failed with the following output:
Change Dir: /home/yoon/catkin_ws2/build/CMakeFiles/CMakeTmp

Run Build Command:"/usr/bin/make" "cmTC_a6703/fast"
/usr/bin/make -f CMakeFiles/cmTC_a6703.dir/build.make CMakeFiles/cmTC_a6703.dir/build
make[1]: 디렉터리 '/home/yoon/catkin_ws2/build/CMakeFiles/CMakeTmp' 들어감
Building C object CMakeFiles/cmTC_a6703.dir/CheckFunctionExists.c.o
/usr/bin/cc   -DCHECK_FUNCTION_EXISTS=pthread_create   -o CMakeFiles/cmTC_a6703.dir/CheckFunctionExists.c.o   -c /usr/share/cmake-3.10/Modules/CheckFunctionExists.c
Linking C executable cmTC_a6703
/usr/bin/cmake -E cmake_link_script CMakeFiles/cmTC_a6703.dir/link.txt --verbose=1
/usr/bin/cc  -DCHECK_FUNCTION_EXISTS=pthread_create    -rdynamic CMakeFiles/cmTC_a6703.dir/CheckFunctionExists.c.o  -o cmTC_a6703 -lpthreads 
/usr/bin/ld: cannot find -lpthreads
collect2: error: ld returned 1 exit status
CMakeFiles/cmTC_a6703.dir/build.make:97: recipe for target 'cmTC_a6703' failed
make[1]: *** [cmTC_a6703] Error 1
make[1]: 디렉터리 '/home/yoon/catkin_ws2/build/CMakeFiles/CMakeTmp' 나감
Makefile:126: recipe for target 'cmTC_a6703/fast' failed
make: *** [cmTC_a6703/fast] Error 2


